make all --print-data-base --no-builtin-variables --no-builtin-rules --question
make: *** No rule to make target 'all'.  Stop.

# GNU Make 4.3
# Built for x86_64-pc-linux-gnu
# Copyright (C) 1988-2020 Free Software Foundation, Inc.
# License GPLv3+: GNU GPL version 3 or later <http://gnu.org/licenses/gpl.html>
# This is free software: you are free to change and redistribute it.
# There is NO WARRANTY, to the extent permitted by law.

# Make data base, printed on Mon Jun 27 10:27:07 2022

# Variables

# environment
GDK_BACKEND = x11
# environment
LC_ALL = C
# environment
GNOME_SHELL_SESSION_MODE = ubuntu
# environment
SSH_AGENT_LAUNCHER = gnome-keyring
# environment
SNAP_INSTANCE_KEY = 
# environment
GJS_DEBUG_OUTPUT = stderr
# environment
VSCODE_IPC_HOOK_EXTHOST = /run/user/1001/vscode-ipc-2f828064-3fba-466a-9244-6d2c23810428.sock
# makefile (from 'data.env', line 5)
REPO_NAME = reactapp
# environment
VSCODE_CWD = /home/ravi
# default
MAKE_COMMAND := make
# environment
QT_ACCESSIBILITY = 1
# automatic
@D = $(patsubst %/,%,$(dir $@))
# environment
SNAP_INSTANCE_NAME = code
# environment
GDK_PIXBUF_MODULEDIR = /snap/code/99/usr/lib/x86_64-linux-gnu/gdk-pixbuf-2.0/2.10.0/loaders
# environment
VSCODE_HANDLES_UNCAUGHT_ERRORS = true
# default
.VARIABLES := 
# environment
PWD = /home/ravi/docker
# automatic
%D = $(patsubst %/,%,$(dir $%))
# environment
XDG_DATA_DIRS = /usr/share/ubuntu:/usr/local/share/:/usr/share/:/var/lib/snapd/desktop
# makefile (from 'data.env', line 3)
DOCKER_PASSWORD = ae6fad7a-1928-4572-b5d6-47f3cd5fe12e 
# automatic
^D = $(patsubst %/,%,$(dir $^))
# environment
VSCODE_LOG_STACK = false
# automatic
%F = $(notdir $%)
# environment
VSCODE_CODE_CACHE_PATH = /home/ravi/.config/Code/CachedData/30d9c6cd9483b2cc586687151bcbcd635f373630
# environment
LANG = C
# environment
XAUTHORITY = /run/user/1001/.mutter-Xwaylandauth.ATU4N1
# default
.LOADED := 
# default
.INCLUDE_DIRS = /usr/local/include /usr/include /usr/include
# makefile
MAKEFLAGS = pqrR
# makefile
CURDIR := /home/ravi/docker
# environment
VSCODE_PIPE_LOGGING = true
# environment
APPLICATION_INSIGHTS_NO_DIAGNOSTIC_CHANNEL = 1
# environment
LESSOPEN = | /usr/bin/lesspipe %s
# automatic
*D = $(patsubst %/,%,$(dir $*))
# makefile (from 'data.env', line 2)
VERSION = latest
# makefile (from 'data.env', line 1)
IMAGE = apptest
# environment
MFLAGS = -pqrR
# environment
SSH_AUTH_SOCK = /run/user/1001/keyring/ssh
# default
.SHELLFLAGS := -c
# environment
WAYLAND_DISPLAY = wayland-0
# environment
XDG_CONFIG_DIRS = /etc/xdg/xdg-ubuntu:/etc/xdg
# automatic
+D = $(patsubst %/,%,$(dir $+))
# environment
XDG_SESSION_DESKTOP = ubuntu
# makefile (from 'data.env', line 1)
MAKEFILE_LIST := Makefile data.env
# makefile (from 'data.env', line 4)
DOCKER_NAME = ravishan123
# environment
SNAP_REEXEC = 
# automatic
@F = $(notdir $@)
# environment
VSCODE_VERBOSE_LOGGING = true
# environment
VSCODE_PID = 27943
# environment
XDG_SESSION_TYPE = wayland
# automatic
?D = $(patsubst %/,%,$(dir $?))
# environment
BAMF_DESKTOP_FILE_HINT = /var/lib/snapd/desktop/applications/code_code.desktop
# environment
SESSION_MANAGER = local/ravi:@/tmp/.ICE-unix/1662,unix/ravi:/tmp/.ICE-unix/1662
# automatic
*F = $(notdir $*)
# environment
CHROME_DESKTOP = code-url-handler.desktop
# environment
DBUS_SESSION_BUS_ADDRESS = unix:path=/run/user/1001/bus
# automatic
<D = $(patsubst %/,%,$(dir $<))
# environment
VSCODE_NLS_CONFIG = {"locale":"en-gb","availableLanguages":{},"_languagePackSupport":true}
# default
MAKE_HOST := x86_64-pc-linux-gnu
# environment
GNOME_DESKTOP_SESSION_ID = this-is-deprecated
# makefile
SHELL = /bin/sh
# default
MAKECMDGOALS := all
# environment
XMODIFIERS = @im=ibus
# environment
GJS_DEBUG_TOPICS = JS ERROR;JS LOG
# environment
SHLVL = 0
# environment
MAKELEVEL := 0
# environment
IM_CONFIG_CHECK_ENV = 1
# default
MAKE = $(MAKE_COMMAND)
# environment
SNAP_COOKIE = H2rwS65jc9oI25r-yI2Nlrd_hcziX9xyUTuMoiet60bGs1fzYTFL
# environment
PATH = /home/ravi/bin:/home/ravi/bin:/usr/local/sbin:/usr/local/bin:/usr/sbin:/usr/bin:/sbin:/bin:/usr/games:/usr/local/games:/snap/bin:/snap/bin
# default
MAKEFILES := 
# environment
LANGUAGE = en_IN:en
# automatic
^F = $(notdir $^)
# environment
SNAP_USER_COMMON = /home/ravi/snap/code/common
# environment
SNAP = /snap/code/99
# environment
INVOCATION_ID = 9f4f200ae5ac4faf8d2666ae7e60b8b3
# environment
SNAP_REVISION = 99
# environment
SNAP_REAL_HOME = /home/ravi
# environment
VSCODE_LOG_NATIVE = false
# environment
USERNAME = ravi
# environment
GNOME_SETUP_DISPLAY = :1
# environment
LESSCLOSE = /usr/bin/lesspipe %s %s
# automatic
?F = $(notdir $?)
# environment
XDG_CURRENT_DESKTOP = Unity
# environment
LS_COLORS = 
# automatic
+F = $(notdir $+)
# environment
DESKTOP_SESSION = ubuntu
# environment
ORIGINAL_XDG_CURRENT_DESKTOP = ubuntu:GNOME
# 'override' directive
GNUMAKEFLAGS := 
# environment
LOGNAME = ravi
# environment
GIO_LAUNCHED_DESKTOP_FILE = /var/lib/snapd/desktop/applications/code_code.desktop
# environment
SNAP_ARCH = amd64
# makefile
.DEFAULT_GOAL := build
# environment
SYSTEMD_EXEC_PID = 1691
# environment
DISPLAY = :0
# environment
USER = ravi
# environment
GTK_MODULES = gail:atk-bridge
# makefile (from 'Makefile', line 1)
data = data.env
# default
MAKE_VERSION := 4.3
# 'override' directive
.SHELLSTATUS := 0
# environment
DISABLE_WAYLAND = 1
# environment
SNAP_DATA = /var/snap/code/99
# environment
SNAP_CONTEXT = H2rwS65jc9oI25r-yI2Nlrd_hcziX9xyUTuMoiet60bGs1fzYTFL
# environment
MANAGERPID = 1356
# environment
GIO_LAUNCHED_DESKTOP_FILE_PID = 27880
# environment
_ = /snap/code/99/usr/share/code/code
# environment
XDG_RUNTIME_DIR = /run/user/1001
# environment
GDK_PIXBUF_MODULE_FILE = /home/ravi/snap/code/common/.cache/gdk-pixbuf-loaders.cache
# environment
JOURNAL_STREAM = 8:36505
# environment
XDG_SESSION_CLASS = user
# environment
VSCODE_AMD_ENTRYPOINT = vs/workbench/api/node/extensionHostProcess
# environment
HOME = /home/ravi
# environment
QT_IM_MODULE = ibus
# environment
ELECTRON_RUN_AS_NODE = 1
# environment
VSCODE_IPC_HOOK = /run/user/1001/vscode-ea5509f5-1.68.1-main.sock
# environment
SNAP_NAME = code
# environment
GSETTINGS_SCHEMA_DIR = /snap/code/99/usr/share/glib-2.0/schemas
# environment
IM_CONFIG_PHASE = 1
# default
.RECIPEPREFIX := 
# automatic
<F = $(notdir $<)
# environment
SNAP_VERSION = 30d9c6cd
# default
SUFFIXES := 
# environment
VSCODE_CLI = 1
# environment
ELECTRON_NO_ATTACH_CONSOLE = 1
# environment
SNAP_COMMON = /var/snap/code/common
# default
.FEATURES := target-specific order-only second-expansion else-if shortest-stem undefine oneshell nocomment grouped-target extra-prereqs archives jobserver output-sync check-symlink load
# environment
SNAP_USER_DATA = /home/ravi/snap/code/99
# environment
XDG_MENU_PREFIX = gnome-
# environment
GDMSESSION = ubuntu
# environment
SNAP_LIBRARY_PATH = /var/lib/snapd/lib/gl:/var/lib/snapd/lib/gl32:/var/lib/snapd/void
# variable set hash-table stats:
# Load=130/1024=13%, Rehash=0, Collisions=4/173=2%

# Pattern-specific Variable Values

# No pattern-specific variable values.

# Directories

# . (device 66307, inode 7995472): 16 files, no impossibilities.

# 16 files, no impossibilities in 1 directories.

# Implicit Rules

# No implicit rules.

# Files

# Not a target:
Makefile:
#  Implicit rule search has been done.
 
#  Last modified 2022-06-24 16:33:47.341170873
#  File has been updated.
#  Successfully updated.

push: login
#  Implicit rule search has not been done.
#  Modification time never checked.
#  File has not been updated.
#  recipe to execute (from 'Makefile', line 14):
	docker push ${DOCKER_NAME}/${REPO_NAME}:latest

# Not a target:
data.env:
#  Implicit rule search has been done.
#  Last modified 2022-06-24 16:31:23.456629633
#  File has been updated.
#  Successfully updated.

# Not a target:
.DEFAULT:
#  Implicit rule search has not been done.
#  Modification time never checked.
#  File has not been updated.

# Not a target:
all:
#  Command line target.
#  Implicit rule search has been done.
#  File does not exist.
#  File has not been updated.

build: build-version
#  Implicit rule search has not been done.
#  Modification time never checked.
#  File has not been updated.
#  recipe to execute (from 'Makefile', line 6):
	

login:
#  Implicit rule search has not been done.
#  Modification time never checked.
#  File has not been updated.
#  recipe to execute (from 'Makefile', line 11):
	docker login -u ${DOCKER_NAME} -p ${DOCKER_PASSWORD}

build-version:
#  Implicit rule search has not been done.
#  Modification time never checked.
#  File has not been updated.
#  recipe to execute (from 'Makefile', line 8):
	docker build -t ${DOCKER_NAME}/${REPO_NAME}:${VERSION}  .
	

# files hash-table stats:
# Load=9/1024=1%, Rehash=0, Collisions=0/23=0%
# VPATH Search Paths

# No 'vpath' search paths.

# No general ('VPATH' variable) search path.

# strcache buffers: 1 (0) / strings = 24 / storage = 220 B / avg = 9 B
# current buf: size = 8162 B / used = 220 B / count = 24 / avg = 9 B

# strcache performance: lookups = 37 / hit rate = 35%
# hash-table stats:
# Load=24/8192=0%, Rehash=0, Collisions=0/37=0%
# Finished Make data base on Mon Jun 27 10:27:07 2022

 
